<?xml version="1.0" encoding="UTF-8"?>
<!-- Generated by org.testng.reporters.JUnitReportReporter -->
<testsuite skipped="0" hostname="DESKTOP-OLUS7NO" name="com.api.JsonArray_ReadValue_From_Json" tests="1" failures="0" timestamp="09 Jul 2023 22:17:21 GMT" time="0.056" errors="0">
  <testcase name="ReadJson_JsonObject" time="0.056" classname="com.api.JsonArray_ReadValue_From_Json"/>
</testsuite> <!-- com.api.JsonArray_ReadValue_From_Json -->
