<?xml version="1.0" encoding="UTF-8"?>
<!-- Generated by org.testng.reporters.JUnitReportReporter -->
<testsuite skipped="0" hostname="DESKTOP-OLUS7NO" name="com.api.ReadValueFrom_Json_ObjectMapper" tests="1" failures="0" timestamp="09 Jul 2023 21:31:41 GMT" time="0.687" errors="0">
  <testcase name="ReadJson" time="0.687" classname="com.api.ReadValueFrom_Json_ObjectMapper"/>
</testsuite> <!-- com.api.ReadValueFrom_Json_ObjectMapper -->
