<?xml version="1.0" encoding="UTF-8"?>
<!-- Generated by org.testng.reporters.JUnitReportReporter -->
<testsuite skipped="0" hostname="DESKTOP-OLUS7NO" name="com.api.Write_Value_in_Json_ObjectMapper" tests="1" failures="0" timestamp="10 Jul 2023 08:58:51 GMT" time="0.619" errors="0">
  <testcase name="write" time="0.619" classname="com.api.Write_Value_in_Json_ObjectMapper"/>
</testsuite> <!-- com.api.Write_Value_in_Json_ObjectMapper -->
