<?xml version="1.0" encoding="UTF-8"?>
<!-- Generated by org.testng.reporters.JUnitReportReporter -->
<testsuite skipped="0" hostname="DESKTOP-OLUS7NO" name="com.api.Rough" tests="1" failures="0" timestamp="09 Jul 2023 21:20:39 GMT" time="0.632" errors="0">
  <testcase name="ReadJson" time="0.632" classname="com.api.Rough"/>
</testsuite> <!-- com.api.Rough -->
