<?xml version="1.0" encoding="UTF-8"?>
<!-- Generated by org.testng.reporters.JUnitReportReporter -->
<testsuite skipped="0" hostname="DESKTOP-OLUS7NO" name="com.api.Json_Object_ReadValue" tests="1" failures="0" timestamp="09 Jul 2023 22:00:28 GMT" time="0.051" errors="0">
  <testcase name="ReadJson_JsonObject" time="0.051" classname="com.api.Json_Object_ReadValue"/>
</testsuite> <!-- com.api.Json_Object_ReadValue -->
